<?xml version="1.0" encoding="UTF-8"?>
<!-- Generated by org.testng.reporters.JUnitReportReporter -->
<testsuite hostname="DESKTOP-JQMCIDH" failures="0" tests="2" name="orangehcm.testcases.TC1_ValidateLogin" time="73.802" errors="0" timestamp="2022-01-08T22:36:07 IST" skipped="1">
  <testcase classname="orangehcm.testcases.TC1_ValidateLogin" name="logintest" time="73.802"/>
  <system-out/>
  <testcase classname="orangehcm.testcases.TC1_ValidateLogin" name="logintest2">
    <skipped/>
  </testcase> <!-- logintest2 -->
  <system-out/>
</testsuite> <!-- orangehcm.testcases.TC1_ValidateLogin -->
