<?xml version="1.0" encoding="UTF-8"?>
<!-- Generated by org.testng.reporters.JUnitReportReporter -->
<testsuite hostname="DESKTOP-JQMCIDH" failures="0" tests="1" name="orangehcm.testcases.TC1_ValidateLogin" time="79.341" errors="0" timestamp="2021-12-16T22:11:31 IST" skipped="0">
  <testcase classname="orangehcm.testcases.TC1_ValidateLogin" name="logintest" time="79.341"/>
  <system-out/>
</testsuite> <!-- orangehcm.testcases.TC1_ValidateLogin -->
