<?xml version="1.0" encoding="UTF-8"?>
<!-- Generated by org.testng.reporters.JUnitReportReporter -->
<testsuite hostname="DESKTOP-JQMCIDH" failures="0" tests="2" name="orangehcm.testcases.TC1_ValidateLogin" time="64.568" errors="0" timestamp="2021-12-25T23:03:43 IST" skipped="1">
  <testcase classname="orangehcm.testcases.TC1_ValidateLogin" name="logintest" time="64.568"/>
  <system-out/>
  <testcase classname="orangehcm.testcases.TC1_ValidateLogin" name="logintest2">
    <skipped/>
  </testcase> <!-- logintest2 -->
  <system-out/>
</testsuite> <!-- orangehcm.testcases.TC1_ValidateLogin -->
