<?xml version="1.0" encoding="UTF-8"?>
<!-- Generated by org.testng.reporters.JUnitReportReporter -->
<testsuite hostname="DESKTOP-JQMCIDH" failures="0" tests="2" name="orangehcm.testcases.TC1_ValidateLogin" time="51.442" errors="0" timestamp="2021-12-21T22:34:46 IST" skipped="0">
  <testcase classname="orangehcm.testcases.TC1_ValidateLogin" name="logintest" time="30.128"/>
  <system-out/>
  <testcase classname="orangehcm.testcases.TC1_ValidateLogin" name="logintest2" time="21.314"/>
  <system-out/>
</testsuite> <!-- orangehcm.testcases.TC1_ValidateLogin -->
