<?xml version="1.0" encoding="UTF-8"?>
<!-- Generated by org.testng.reporters.JUnitReportReporter -->
<testsuite hostname="DESKTOP-JQMCIDH" failures="0" tests="2" name="orangehcm.testcases.TC1_ValidateLogin" time="98.265" errors="0" timestamp="2021-12-28T21:56:11 IST" skipped="1">
  <testcase classname="orangehcm.testcases.TC1_ValidateLogin" name="logintest" time="98.265"/>
  <system-out/>
  <testcase classname="orangehcm.testcases.TC1_ValidateLogin" name="logintest2">
    <skipped/>
  </testcase> <!-- logintest2 -->
  <system-out/>
</testsuite> <!-- orangehcm.testcases.TC1_ValidateLogin -->
