<?xml version="1.0" encoding="UTF-8"?>
<!-- Generated by org.testng.reporters.JUnitReportReporter -->
<testsuite hostname="DESKTOP-JQMCIDH" failures="0" tests="1" name="orangehcm.utils.JavaUtils" time="0.070" errors="0" timestamp="2021-12-21T21:56:45 IST" skipped="0">
  <testcase classname="orangehcm.utils.JavaUtils" name="randonnumber" time="0.070"/>
  <system-out/>
</testsuite> <!-- orangehcm.utils.JavaUtils -->
