<?xml version="1.0" encoding="UTF-8"?>
<!-- Generated by org.testng.reporters.JUnitReportReporter -->
<testsuite hostname="DESKTOP-JQMCIDH" failures="0" tests="2" name="orangehcm.testcases.TC2_ValidateLogin" time="34.537" errors="0" timestamp="2021-12-21T22:34:46 IST" skipped="0">
  <testcase classname="orangehcm.testcases.TC2_ValidateLogin" name="logintest2" time="18.222"/>
  <system-out/>
  <testcase classname="orangehcm.testcases.TC2_ValidateLogin" name="logintest" time="16.315"/>
  <system-out/>
</testsuite> <!-- orangehcm.testcases.TC2_ValidateLogin -->
